<?xml version="1.0" encoding="UTF-8"?>
<!-- Generated by org.testng.reporters.JUnitReportReporter -->
<testsuite hostname="MYSHEC335333L" failures="0" tests="1" name="SeleniumBootstrap2.Assignment2.readProperties" time="20.907" errors="0" timestamp="2020-12-01T22:54:17 IST" skipped="0">
  <testcase classname="SeleniumBootstrap2.Assignment2.readProperties" name="test" time="20.907"/>
  <system-out/>
</testsuite> <!-- SeleniumBootstrap2.Assignment2.readProperties -->
