<?xml version="1.0" encoding="UTF-8"?>
<!-- Generated by org.testng.reporters.JUnitReportReporter -->
<testsuite hostname="MYSHEC335333L" failures="0" tests="1" name="SeleniumBootstrap2.Assignment2.googleSearch" time="20.952" errors="0" timestamp="2020-12-01T22:14:32 IST" skipped="0">
  <testcase classname="SeleniumBootstrap2.Assignment2.googleSearch" name="test" time="20.952"/>
  <system-out/>
</testsuite> <!-- SeleniumBootstrap2.Assignment2.googleSearch -->
