<?xml version="1.0" encoding="UTF-8"?>
<!-- Generated by org.testng.reporters.JUnitReportReporter -->
<testsuite hostname="MYSHEC335333L" failures="0" tests="1" name="SeleniumBootstrap2.Assignment2.testProperties" time="0.022" errors="0" timestamp="2020-12-01T20:37:28 IST" skipped="0">
  <testcase classname="SeleniumBootstrap2.Assignment2.testProperties" name="test" time="0.022"/>
  <system-out/>
</testsuite> <!-- SeleniumBootstrap2.Assignment2.testProperties -->
