<?xml version="1.0" encoding="UTF-8"?>
<!-- Generated by org.testng.reporters.JUnitReportReporter -->
<testsuite hostname="MYSHEC335333L" failures="0" tests="1" name="SeleniumBootstrap2.Assignment2.noSendKeys" time="24.192" errors="0" timestamp="2020-12-01T22:16:38 IST" skipped="0">
  <testcase classname="SeleniumBootstrap2.Assignment2.noSendKeys" name="test" time="24.192"/>
  <system-out/>
</testsuite> <!-- SeleniumBootstrap2.Assignment2.noSendKeys -->
