<?xml version="1.0" encoding="UTF-8"?>
<!-- Generated by org.testng.reporters.JUnitReportReporter -->
<testsuite hostname="MYSHEC335333L" failures="0" tests="1" name="SeleniumBootstrap2.Assignment2.windowPopUp" time="25.779" errors="0" timestamp="2020-12-01T22:13:33 IST" skipped="0">
  <testcase classname="SeleniumBootstrap2.Assignment2.windowPopUp" name="test" time="25.779"/>
  <system-out/>
</testsuite> <!-- SeleniumBootstrap2.Assignment2.windowPopUp -->
